#
# There is insufficient memory for the Java Runtime Environment to continue.
# Native memory allocation (malloc) failed to allocate 1787376 bytes for Chunk::new
# Possible reasons:
#   The system is out of physical RAM or swap space
#   In 32 bit mode, the process size limit was hit
# Possible solutions:
#   Reduce memory load on the system
#   Increase physical memory or swap space
#   Check if swap backing store is full
#   Use 64 bit Java on a 64 bit OS
#   Decrease Java heap size (-Xmx/-Xms)
#   Decrease number of Java threads
#   Decrease Java thread stack sizes (-Xss)
#   Set larger code cache with -XX:ReservedCodeCacheSize=
# This output file may be truncated or incomplete.
#
#  Out of Memory Error (allocation.cpp:390), pid=19496, tid=0x00000000000015a0
#
# JRE version: Java(TM) SE Runtime Environment (8.0_131-b11) (build 1.8.0_131-b11)
# Java VM: Java HotSpot(TM) 64-Bit Server VM (25.131-b11 mixed mode windows-amd64 compressed oops)
# Failed to write core dump. Minidumps are not enabled by default on client versions of Windows
#

---------------  T H R E A D  ---------------

Current thread (0x000000001cbf0000):  JavaThread "C2 CompilerThread0" daemon [_thread_in_native, id=5536, stack(0x000000001e880000,0x000000001e980000)]

Stack: [0x000000001e880000,0x000000001e980000]
[error occurred during error reporting (printing stack bounds), id 0xc0000005]

Native frames: (J=compiled Java code, j=interpreted, Vv=VM code, C=native code)


Current CompileTask:
C2:   5498 2222   !   4       org.jboss.jandex.Indexer::index (260 bytes)


---------------  P R O C E S S  ---------------

Java Threads: ( => current thread )
  0x000000001f6c2800 JavaThread "Reference Reaper" daemon [_thread_blocked, id=10372, stack(0x000000001f980000,0x000000001fa80000)]
  0x000000001ebf9000 JavaThread "Service Thread" daemon [_thread_blocked, id=18928, stack(0x000000001ef80000,0x000000001f080000)]
  0x000000001cbfb800 JavaThread "C1 CompilerThread2" daemon [_thread_blocked, id=10176, stack(0x000000001ea80000,0x000000001eb80000)]
  0x000000001cbf2000 JavaThread "C2 CompilerThread1" daemon [_thread_blocked, id=22412, stack(0x000000001e980000,0x000000001ea80000)]
=>0x000000001cbf0000 JavaThread "C2 CompilerThread0" daemon [_thread_in_native, id=5536, stack(0x000000001e880000,0x000000001e980000)]
  0x000000001cbed000 JavaThread "Attach Listener" daemon [_thread_blocked, id=21744, stack(0x000000001e780000,0x000000001e880000)]
  0x000000001cbea000 JavaThread "Signal Dispatcher" daemon [_thread_blocked, id=9976, stack(0x000000001e680000,0x000000001e780000)]
  0x000000001cbd1000 JavaThread "Finalizer" daemon [_thread_blocked, id=12744, stack(0x000000001e460000,0x000000001e560000)]
  0x000000000332e000 JavaThread "Reference Handler" daemon [_thread_blocked, id=14032, stack(0x000000001e360000,0x000000001e460000)]
  0x0000000003238800 JavaThread "main" [_thread_in_native, id=19908, stack(0x0000000003130000,0x0000000003230000)]

Other Threads:
  0x000000001cba9800 VMThread [stack: 0x000000001e260000,0x000000001e360000] [id=9888]
  0x000000001ec77000 WatcherThread [stack: 0x000000001f080000,0x000000001f180000] [id=10080]

VM state:not at safepoint (normal execution)

VM Mutex/Monitor currently owned by a thread: None

Heap:
 PSYoungGen      total 141824K, used 134194K [0x000000076ae00000, 0x000000077ee00000, 0x00000007c0000000)
  eden space 131072K, 94% used [0x000000076ae00000,0x00000007726938b0,0x0000000772e00000)
  from space 10752K, 99% used [0x0000000772e00000,0x0000000773879160,0x0000000773880000)
  to   space 32768K, 0% used [0x000000077ce00000,0x000000077ce00000,0x000000077ee00000)
 ParOldGen       total 175104K, used 38059K [0x00000006c0a00000, 0x00000006cb500000, 0x000000076ae00000)
  object space 175104K, 21% used [0x00000006c0a00000,0x00000006c2f2af50,0x00000006cb500000)
 Metaspace       used 13436K, capacity 13802K, committed 14080K, reserved 1060864K
  class space    used 1582K, capacity 1675K, committed 1792K, reserved 1048576K

Card table byte_map: [0x00000000126f0000,0x0000000012ef0000] byte_map_base: 0x000000000f0eb000

Marking Bits: (ParMarkBitMap*) 0x000000005f8dc720
 Begin Bits: [0x0000000013a50000, 0x0000000017a28000)
 End Bits:   [0x0000000017a28000, 0x000000001ba00000)

Polling page: 0x0000000003080000

CodeCache: size=245760Kb used=8833Kb max_used=8845Kb free=236926Kb
 bounds [0x0000000003330000, 0x0000000003bf0000, 0x0000000012330000]
 total_blobs=2615 nmethods=2241 adapters=286
 compilation: enabled

Compilation events (10 events):
Event: 5.365 Thread 0x000000001cbf2000 2242       4       org.jboss.jandex.Indexer::updateTypeTargets (98 bytes)
Event: 5.367 Thread 0x000000001cbf2000 nmethod 2242 0x0000000003ba7910 code [0x0000000003ba7a60, 0x0000000003ba7bf8]
Event: 5.380 Thread 0x000000001cbfb800 2253 %     3       java.util.WeakHashMap::transfer @ 17 (107 bytes)
Event: 5.381 Thread 0x000000001cbfb800 nmethod 2253% 0x0000000003b44590 code [0x0000000003b44740, 0x0000000003b44ef0]
Event: 5.461 Thread 0x000000001cbfb800 2254       3       org.jboss.jandex.TypeVariable::<init> (8 bytes)
Event: 5.461 Thread 0x000000001cbfb800 nmethod 2254 0x0000000003b43e90 code [0x0000000003b44020, 0x0000000003b443b8]
Event: 5.474 Thread 0x000000001cbf2000 2255       4       org.jboss.jandex.WildcardType::equals (53 bytes)
Event: 5.478 Thread 0x000000001cbf2000 nmethod 2255 0x0000000003bbd110 code [0x0000000003bbd280, 0x0000000003bbd8c8]
Event: 5.486 Thread 0x000000001cbf2000 2256       4       org.jboss.jandex.GenericSignatureParser::resolveTypeList (69 bytes)
Event: 5.489 Thread 0x000000001cbf2000 nmethod 2256 0x0000000003ba53d0 code [0x0000000003ba5540, 0x0000000003ba58c8]

GC Heap History (10 events):
Event: 1.750 GC heap before
{Heap before GC invocations=1 (full 0):
 PSYoungGen      total 76288K, used 65536K [0x000000076ae00000, 0x0000000770300000, 0x00000007c0000000)
  eden space 65536K, 100% used [0x000000076ae00000,0x000000076ee00000,0x000000076ee00000)
  from space 10752K, 0% used [0x000000076f880000,0x000000076f880000,0x0000000770300000)
  to   space 10752K, 0% used [0x000000076ee00000,0x000000076ee00000,0x000000076f880000)
 ParOldGen       total 175104K, used 0K [0x00000006c0a00000, 0x00000006cb500000, 0x000000076ae00000)
  object space 175104K, 0% used [0x00000006c0a00000,0x00000006c0a00000,0x00000006cb500000)
 Metaspace       used 9980K, capacity 10246K, committed 10496K, reserved 1058816K
  class space    used 1140K, capacity 1245K, committed 1280K, reserved 1048576K
Event: 1.758 GC heap after
Heap after GC invocations=1 (full 0):
 PSYoungGen      total 76288K, used 6753K [0x000000076ae00000, 0x0000000770300000, 0x00000007c0000000)
  eden space 65536K, 0% used [0x000000076ae00000,0x000000076ae00000,0x000000076ee00000)
  from space 10752K, 62% used [0x000000076ee00000,0x000000076f4986e0,0x000000076f880000)
  to   space 10752K, 0% used [0x000000076f880000,0x000000076f880000,0x0000000770300000)
 ParOldGen       total 175104K, used 16K [0x00000006c0a00000, 0x00000006cb500000, 0x000000076ae00000)
  object space 175104K, 0% used [0x00000006c0a00000,0x00000006c0a04000,0x00000006cb500000)
 Metaspace       used 9980K, capacity 10246K, committed 10496K, reserved 1058816K
  class space    used 1140K, capacity 1245K, committed 1280K, reserved 1048576K
}
Event: 2.511 GC heap before
{Heap before GC invocations=2 (full 0):
 PSYoungGen      total 76288K, used 72289K [0x000000076ae00000, 0x0000000770300000, 0x00000007c0000000)
  eden space 65536K, 100% used [0x000000076ae00000,0x000000076ee00000,0x000000076ee00000)
  from space 10752K, 62% used [0x000000076ee00000,0x000000076f4986e0,0x000000076f880000)
  to   space 10752K, 0% used [0x000000076f880000,0x000000076f880000,0x0000000770300000)
 ParOldGen       total 175104K, used 16K [0x00000006c0a00000, 0x00000006cb500000, 0x000000076ae00000)
  object space 175104K, 0% used [0x00000006c0a00000,0x00000006c0a04000,0x00000006cb500000)
 Metaspace       used 13364K, capacity 13714K, committed 14080K, reserved 1060864K
  class space    used 1574K, capacity 1671K, committed 1792K, reserved 1048576K
Event: 2.531 GC heap after
Heap after GC invocations=2 (full 0):
 PSYoungGen      total 76288K, used 10746K [0x000000076ae00000, 0x0000000774300000, 0x00000007c0000000)
  eden space 65536K, 0% used [0x000000076ae00000,0x000000076ae00000,0x000000076ee00000)
  from space 10752K, 99% used [0x000000076f880000,0x00000007702fe830,0x0000000770300000)
  to   space 10752K, 0% used [0x000000076ee00000,0x000000076ee00000,0x000000076f880000)
 ParOldGen       total 175104K, used 3657K [0x00000006c0a00000, 0x00000006cb500000, 0x000000076ae00000)
  object space 175104K, 2% used [0x00000006c0a00000,0x00000006c0d92470,0x00000006cb500000)
 Metaspace       used 13364K, capacity 13714K, committed 14080K, reserved 1060864K
  class space    used 1574K, capacity 1671K, committed 1792K, reserved 1048576K
}
Event: 2.880 GC heap before
{Heap before GC invocations=3 (full 0):
 PSYoungGen      total 76288K, used 76282K [0x000000076ae00000, 0x0000000774300000, 0x00000007c0000000)
  eden space 65536K, 100% used [0x000000076ae00000,0x000000076ee00000,0x000000076ee00000)
  from space 10752K, 99% used [0x000000076f880000,0x00000007702fe830,0x0000000770300000)
  to   space 10752K, 0% used [0x000000076ee00000,0x000000076ee00000,0x000000076f880000)
 ParOldGen       total 175104K, used 3657K [0x00000006c0a00000, 0x00000006cb500000, 0x000000076ae00000)
  object space 175104K, 2% used [0x00000006c0a00000,0x00000006c0d92470,0x00000006cb500000)
 Metaspace       used 13393K, capacity 13714K, committed 14080K, reserved 1060864K
  class space    used 1576K, capacity 1671K, committed 1792K, reserved 1048576K
Event: 2.948 GC heap after
Heap after GC invocations=3 (full 0):
 PSYoungGen      total 76288K, used 10722K [0x000000076ae00000, 0x0000000774300000, 0x00000007c0000000)
  eden space 65536K, 0% used [0x000000076ae00000,0x000000076ae00000,0x000000076ee00000)
  from space 10752K, 99% used [0x000000076ee00000,0x000000076f878828,0x000000076f880000)
  to   space 10752K, 0% used [0x0000000773880000,0x0000000773880000,0x0000000774300000)
 ParOldGen       total 175104K, used 11385K [0x00000006c0a00000, 0x00000006cb500000, 0x000000076ae00000)
  object space 175104K, 6% used [0x00000006c0a00000,0x00000006c151e750,0x00000006cb500000)
 Metaspace       used 13393K, capacity 13714K, committed 14080K, reserved 1060864K
  class space    used 1576K, capacity 1671K, committed 1792K, reserved 1048576K
}
Event: 3.284 GC heap before
{Heap before GC invocations=4 (full 0):
 PSYoungGen      total 76288K, used 76258K [0x000000076ae00000, 0x0000000774300000, 0x00000007c0000000)
  eden space 65536K, 100% used [0x000000076ae00000,0x000000076ee00000,0x000000076ee00000)
  from space 10752K, 99% used [0x000000076ee00000,0x000000076f878828,0x000000076f880000)
  to   space 10752K, 0% used [0x0000000773880000,0x0000000773880000,0x0000000774300000)
 ParOldGen       total 175104K, used 11385K [0x00000006c0a00000, 0x00000006cb500000, 0x000000076ae00000)
  object space 175104K, 6% used [0x00000006c0a00000,0x00000006c151e750,0x00000006cb500000)
 Metaspace       used 13418K, capacity 13802K, committed 14080K, reserved 1060864K
  class space    used 1578K, capacity 1675K, committed 1792K, reserved 1048576K
Event: 3.336 GC heap after
Heap after GC invocations=4 (full 0):
 PSYoungGen      total 141824K, used 10731K [0x000000076ae00000, 0x0000000774300000, 0x00000007c0000000)
  eden space 131072K, 0% used [0x000000076ae00000,0x000000076ae00000,0x0000000772e00000)
  from space 10752K, 99% used [0x0000000773880000,0x00000007742fad00,0x0000000774300000)
  to   space 10752K, 0% used [0x0000000772e00000,0x0000000772e00000,0x0000000773880000)
 ParOldGen       total 175104K, used 21017K [0x00000006c0a00000, 0x00000006cb500000, 0x000000076ae00000)
  object space 175104K, 12% used [0x00000006c0a00000,0x00000006c1e86590,0x00000006cb500000)
 Metaspace       used 13418K, capacity 13802K, committed 14080K, reserved 1060864K
  class space    used 1578K, capacity 1675K, committed 1792K, reserved 1048576K
}
Event: 4.127 GC heap before
{Heap before GC invocations=5 (full 0):
 PSYoungGen      total 141824K, used 141803K [0x000000076ae00000, 0x0000000774300000, 0x00000007c0000000)
  eden space 131072K, 100% used [0x000000076ae00000,0x0000000772e00000,0x0000000772e00000)
  from space 10752K, 99% used [0x0000000773880000,0x00000007742fad00,0x0000000774300000)
  to   space 10752K, 0% used [0x0000000772e00000,0x0000000772e00000,0x0000000773880000)
 ParOldGen       total 175104K, used 21017K [0x00000006c0a00000, 0x00000006cb500000, 0x000000076ae00000)
  object space 175104K, 12% used [0x00000006c0a00000,0x00000006c1e86590,0x00000006cb500000)
 Metaspace       used 13420K, capacity 13802K, committed 14080K, reserved 1060864K
  class space    used 1579K, capacity 1675K, committed 1792K, reserved 1048576K
Event: 4.176 GC heap after
Heap after GC invocations=5 (full 0):
 PSYoungGen      total 141824K, used 10724K [0x000000076ae00000, 0x000000077ee00000, 0x00000007c0000000)
  eden space 131072K, 0% used [0x000000076ae00000,0x000000076ae00000,0x0000000772e00000)
  from space 10752K, 99% used [0x0000000772e00000,0x0000000773879160,0x0000000773880000)
  to   space 32768K, 0% used [0x000000077ce00000,0x000000077ce00000,0x000000077ee00000)
 ParOldGen       total 175104K, used 38059K [0x00000006c0a00000, 0x00000006cb500000, 0x000000076ae00000)
  object space 175104K, 21% used [0x00000006c0a00000,0x00000006c2f2af50,0x00000006cb500000)
 Metaspace       used 13420K, capacity 13802K, committed 14080K, reserved 1060864K
  class space    used 1579K, capacity 1675K, committed 1792K, reserved 1048576K
}

Deoptimization events (10 events):
Event: 3.051 Thread 0x0000000003238800 Uncommon trap: reason=unstable_if action=reinterpret pc=0x0000000003a04ad8 method=org.jboss.jandex.DotName.equals(Ljava/lang/Object;)Z @ 25
Event: 3.338 Thread 0x0000000003238800 Uncommon trap: reason=array_check action=maybe_recompile pc=0x0000000003a8a2c0 method=java.util.TimSort.reverseRange([Ljava/lang/Object;II)V @ 20
Event: 3.338 Thread 0x0000000003238800 Uncommon trap: reason=array_check action=maybe_recompile pc=0x0000000003a8a2c0 method=java.util.TimSort.reverseRange([Ljava/lang/Object;II)V @ 20
Event: 3.338 Thread 0x0000000003238800 Uncommon trap: reason=array_check action=maybe_recompile pc=0x0000000003a8a2c0 method=java.util.TimSort.reverseRange([Ljava/lang/Object;II)V @ 20
Event: 3.341 Thread 0x0000000003238800 Uncommon trap: reason=array_check action=maybe_recompile pc=0x0000000003a8a2c0 method=java.util.TimSort.reverseRange([Ljava/lang/Object;II)V @ 20
Event: 3.477 Thread 0x0000000003238800 Uncommon trap: reason=array_check action=maybe_recompile pc=0x0000000003ac3798 method=java.util.TimSort.reverseRange([Ljava/lang/Object;II)V @ 27
Event: 3.477 Thread 0x0000000003238800 Uncommon trap: reason=array_check action=maybe_recompile pc=0x0000000003ac3798 method=java.util.TimSort.reverseRange([Ljava/lang/Object;II)V @ 27
Event: 4.870 Thread 0x0000000003238800 Uncommon trap: reason=unstable_if action=reinterpret pc=0x0000000003a703cc method=org.jboss.jandex.Indexer.processExceptions(Ljava/io/DataInputStream;Lorg/jboss/jandex/MethodInfo;)V @ 6
Event: 5.072 Thread 0x0000000003238800 Uncommon trap: reason=unstable_if action=reinterpret pc=0x00000000039eac34 method=org.jboss.jandex.DotName.equals(Ljava/lang/Object;)Z @ 147
Event: 5.194 Thread 0x0000000003238800 Uncommon trap: reason=unstable_if action=reinterpret pc=0x0000000003af6834 method=java.util.TimSort.countRunAndMakeAscending([Ljava/lang/Object;IILjava/util/Comparator;)I @ 27

Internal exceptions (10 events):
Event: 2.021 Thread 0x0000000003238800 Exception <a 'sun/nio/fs/WindowsException'> (0x000000076c14b5e0) thrown at [C:\re\workspace\8-2-build-windows-amd64-cygwin\jdk8u131\8869\hotspot\src\share\vm\prims\jni.cpp, line 709]
Event: 2.021 Thread 0x0000000003238800 Exception <a 'sun/nio/fs/WindowsException'> (0x000000076c14bfd8) thrown at [C:\re\workspace\8-2-build-windows-amd64-cygwin\jdk8u131\8869\hotspot\src\share\vm\prims\jni.cpp, line 709]
Event: 2.021 Thread 0x0000000003238800 Exception <a 'sun/nio/fs/WindowsException'> (0x000000076c14d388) thrown at [C:\re\workspace\8-2-build-windows-amd64-cygwin\jdk8u131\8869\hotspot\src\share\vm\prims\jni.cpp, line 709]
Event: 2.021 Thread 0x0000000003238800 Exception <a 'sun/nio/fs/WindowsException'> (0x000000076c14ddc0) thrown at [C:\re\workspace\8-2-build-windows-amd64-cygwin\jdk8u131\8869\hotspot\src\share\vm\prims\jni.cpp, line 709]
Event: 2.021 Thread 0x0000000003238800 Exception <a 'sun/nio/fs/WindowsException'> (0x000000076c159c40) thrown at [C:\re\workspace\8-2-build-windows-amd64-cygwin\jdk8u131\8869\hotspot\src\share\vm\prims\jni.cpp, line 709]
Event: 2.021 Thread 0x0000000003238800 Exception <a 'sun/nio/fs/WindowsException'> (0x000000076c15a678) thrown at [C:\re\workspace\8-2-build-windows-amd64-cygwin\jdk8u131\8869\hotspot\src\share\vm\prims\jni.cpp, line 709]
Event: 2.021 Thread 0x0000000003238800 Exception <a 'sun/nio/fs/WindowsException'> (0x000000076c15ba68) thrown at [C:\re\workspace\8-2-build-windows-amd64-cygwin\jdk8u131\8869\hotspot\src\share\vm\prims\jni.cpp, line 709]
Event: 2.022 Thread 0x0000000003238800 Exception <a 'sun/nio/fs/WindowsException'> (0x000000076c15c4d8) thrown at [C:\re\workspace\8-2-build-windows-amd64-cygwin\jdk8u131\8869\hotspot\src\share\vm\prims\jni.cpp, line 709]
Event: 5.495 Thread 0x0000000003238800 Exception <a 'java/lang/OutOfMemoryError'> (0x00000007724f7e18) thrown at [C:\re\workspace\8-2-build-windows-amd64-cygwin\jdk8u131\8869\hotspot\src\share\vm\prims\jni.cpp, line 735]
Event: 5.496 Thread 0x0000000003238800 Exception <a 'java/lang/reflect/InvocationTargetException'> (0x00000007724f80a0) thrown at [C:\re\workspace\8-2-build-windows-amd64-cygwin\jdk8u131\8869\hotspot\src\share\vm\runtime\reflection.cpp, line 1092]

Events (10 events):
Event: 5.194 Thread 0x0000000003238800 DEOPT PACKING pc=0x0000000003af6834 sp=0x000000000322ea20
Event: 5.194 Thread 0x0000000003238800 DEOPT UNPACKING pc=0x000000000337582a sp=0x000000000322e968 mode 2
Event: 5.495 loading class java/util/zip/DataFormatException
Event: 5.496 loading class java/util/zip/DataFormatException done
Event: 5.496 loading class java/lang/Throwable$WrappedPrintStream
Event: 5.496 loading class java/lang/Throwable$PrintStreamOrWriter
Event: 5.496 loading class java/lang/Throwable$PrintStreamOrWriter done
Event: 5.496 loading class java/lang/Throwable$WrappedPrintStream done
Event: 5.496 loading class java/util/IdentityHashMap$KeySet
Event: 5.497 loading class java/util/IdentityHashMap$KeySet done


Dynamic libraries:
0x00007ff686940000 - 0x00007ff686977000 	C:\Program Files\Java\jdk1.8.0_131\jre\bin\java.exe
0x00007fff91430000 - 0x00007fff91625000 	C:\WINDOWS\SYSTEM32\ntdll.dll
0x00007fff90570000 - 0x00007fff9062d000 	C:\WINDOWS\System32\KERNEL32.DLL
0x00007fff8ed40000 - 0x00007fff8f008000 	C:\WINDOWS\System32\KERNELBASE.dll
0x00007fff912d0000 - 0x00007fff9137c000 	C:\WINDOWS\System32\ADVAPI32.dll
0x00007fff909b0000 - 0x00007fff90a4e000 	C:\WINDOWS\System32\msvcrt.dll
0x00007fff90910000 - 0x00007fff909ab000 	C:\WINDOWS\System32\sechost.dll
0x00007fff907d0000 - 0x00007fff908fb000 	C:\WINDOWS\System32\RPCRT4.dll
0x00007fff90630000 - 0x00007fff907d0000 	C:\WINDOWS\System32\USER32.dll
0x00007fff8f400000 - 0x00007fff8f422000 	C:\WINDOWS\System32\win32u.dll
0x00007fff90410000 - 0x00007fff9043a000 	C:\WINDOWS\System32\GDI32.dll
0x00007fff8f010000 - 0x00007fff8f11b000 	C:\WINDOWS\System32\gdi32full.dll
0x00007fff8f200000 - 0x00007fff8f29d000 	C:\WINDOWS\System32\msvcp_win.dll
0x00007fff8ec40000 - 0x00007fff8ed40000 	C:\WINDOWS\System32\ucrtbase.dll
0x00007fff82730000 - 0x00007fff829ca000 	C:\WINDOWS\WinSxS\amd64_microsoft.windows.common-controls_6595b64144ccf1df_6.0.19041.844_none_ca00b6081b84eb1d\COMCTL32.dll
0x00007fff904d0000 - 0x00007fff90500000 	C:\WINDOWS\System32\IMM32.DLL
0x000000005efe0000 - 0x000000005f0b2000 	C:\Program Files\Java\jdk1.8.0_131\jre\bin\msvcr100.dll
0x000000005f0c0000 - 0x000000005f95c000 	C:\Program Files\Java\jdk1.8.0_131\jre\bin\server\jvm.dll
0x00007fff90900000 - 0x00007fff90908000 	C:\WINDOWS\System32\PSAPI.DLL
0x00007fff86610000 - 0x00007fff8661a000 	C:\WINDOWS\SYSTEM32\VERSION.dll
0x00007fff858e0000 - 0x00007fff85907000 	C:\WINDOWS\SYSTEM32\WINMM.dll
0x00007fff809f0000 - 0x00007fff809f9000 	C:\WINDOWS\SYSTEM32\WSOCK32.dll
0x00007fff91380000 - 0x00007fff913eb000 	C:\WINDOWS\System32\WS2_32.dll
0x000000005efd0000 - 0x000000005efdf000 	C:\Program Files\Java\jdk1.8.0_131\jre\bin\verify.dll
0x000000005efa0000 - 0x000000005efc9000 	C:\Program Files\Java\jdk1.8.0_131\jre\bin\java.dll
0x000000005ef80000 - 0x000000005ef96000 	C:\Program Files\Java\jdk1.8.0_131\jre\bin\zip.dll
0x00007fff8fcc0000 - 0x00007fff90402000 	C:\WINDOWS\System32\SHELL32.dll
0x00007fff8cc90000 - 0x00007fff8d421000 	C:\WINDOWS\SYSTEM32\windows.storage.dll
0x00007fff8f4f0000 - 0x00007fff8f845000 	C:\WINDOWS\System32\combase.dll
0x00007fff8e510000 - 0x00007fff8e53c000 	C:\WINDOWS\SYSTEM32\Wldp.dll
0x00007fff8f8d0000 - 0x00007fff8f97e000 	C:\WINDOWS\System32\SHCORE.dll
0x00007fff90b00000 - 0x00007fff90b55000 	C:\WINDOWS\System32\shlwapi.dll
0x00007fff8eab0000 - 0x00007fff8eacf000 	C:\WINDOWS\SYSTEM32\profapi.dll
0x000000005ef60000 - 0x000000005ef7a000 	C:\Program Files\Java\jdk1.8.0_131\jre\bin\net.dll
0x00007fff8e2f0000 - 0x00007fff8e35a000 	C:\WINDOWS\system32\mswsock.dll
0x000000005ef40000 - 0x000000005ef51000 	C:\Program Files\Java\jdk1.8.0_131\jre\bin\nio.dll
0x00007fff8e550000 - 0x00007fff8e568000 	C:\WINDOWS\SYSTEM32\CRYPTSP.dll
0x00007fff8dc40000 - 0x00007fff8dc74000 	C:\WINDOWS\system32\rsaenh.dll
0x00007fff8f1d0000 - 0x00007fff8f1f7000 	C:\WINDOWS\System32\bcrypt.dll
0x00007fff8ea30000 - 0x00007fff8ea5e000 	C:\WINDOWS\SYSTEM32\USERENV.dll
0x00007fff8ebc0000 - 0x00007fff8ec40000 	C:\WINDOWS\System32\bcryptprimitives.dll
0x00007fff8e470000 - 0x00007fff8e47c000 	C:\WINDOWS\SYSTEM32\CRYPTBASE.dll
0x00007fff8dfb0000 - 0x00007fff8dfeb000 	C:\WINDOWS\SYSTEM32\IPHLPAPI.DLL
0x00007fff8f980000 - 0x00007fff8f988000 	C:\WINDOWS\System32\NSI.dll
0x00007fff881c0000 - 0x00007fff881d7000 	C:\WINDOWS\SYSTEM32\dhcpcsvc6.DLL
0x00007fff881a0000 - 0x00007fff881bd000 	C:\WINDOWS\SYSTEM32\dhcpcsvc.DLL
0x00007fff8dff0000 - 0x00007fff8e0bc000 	C:\WINDOWS\SYSTEM32\DNSAPI.dll
0x000000005ecf0000 - 0x000000005ecfd000 	C:\Program Files\Java\jdk1.8.0_131\jre\bin\management.dll

VM Arguments:
jvm_args: -Dmaven.home=C:\Program Files\apache-maven-3.5.4\bin\.. -Dswarm.ds.connection.url=jdbc:mysql://localhost:3306/hoe?useSSL=false -Dswarm.app.name=mount.war -Dswarm.ds.password=hoe -Dremote.maven.repo=https://repo.maven.apache.org/maven2 -Dorg.wildfly.swarm.mainProcessFile=C:\Windows\Temp\swarm-process-file1793681404881605387.tmp -Dmaven.multiModuleProjectDirectory=C:\Users\Roolli\Source\Repos\java-mikroszerviz\07_iam\heroesofempires\mount\mount-rest -Dmaven.conf=C:\Program Files\apache-maven-3.5.4\bin\../conf -Dswarm.ds.name=hoeds -Dswarm.port.offset=423 -Dswarm.ds.username=hoe -Dmaven.ext.class.path=C:\Program Files\NetBeans-12.3\netbeans\java\maven-nblib\netbeans-eventspy.jar -Dswarm.cp.info=C:\Users\Roolli\Source\Repos\java-mikroszerviz\07_iam\heroesofempires\mount\mount-rest\target\wfswarmswarm-441264899497931852-cp.txt 
java_command: org.wildfly.swarm.bootstrap.MainInvoker org.wildfly.swarm.Swarm
java_class_path (initial): C:\Users\Roolli\.m2\repository\org\wildfly\swarm\swagger\2018.3.3\swagger-2018.3.3.jar;C:\Users\Roolli\.m2\repository\org\wildfly\swarm\container\2018.3.3\container-2018.3.3.jar;C:\Users\Roolli\.m2\repository\org\wildfly\swarm\spi\2018.3.3\spi-2018.3.3.jar;C:\Users\Roolli\.m2\repository\org\jboss\shrinkwrap\shrinkwrap-api\1.2.6\shrinkwrap-api-1.2.6.jar;C:\Users\Roolli\.m2\repository\org\jboss\shrinkwrap\shrinkwrap-impl-base\1.2.6\shrinkwrap-impl-base-1.2.6.jar;C:\Users\Roolli\.m2\repository\org\jboss\shrinkwrap\shrinkwrap-spi\1.2.6\shrinkwrap-spi-1.2.6.jar;C:\Users\Roolli\.m2\repository\org\jboss\jandex\2.0.3.Final\jandex-2.0.3.Final.jar;C:\Users\Roolli\.m2\repository\org\wildfly\swarm\bootstrap\2018.3.3\bootstrap-2018.3.3.jar;C:\Users\Roolli\.m2\repository\org\jboss\modules\jboss-modules\1.6.1.Final\jboss-modules-1.6.1.Final.jar;C:\Users\Roolli\.m2\repository\org\yaml\snakeyaml\1.17\snakeyaml-1.17.jar;C:\Users\Roolli\.m2\repository\org\wildfly\swarm\config-api\1.3.0\config-api-1.3.0.jar;C:\Users\Roolli\.m2\repository\org\wildfly\swarm\config-api-runtime\1.3.0\config-api-runtime-1.3.0.jar;C:\Users\Roolli\.m2\repository\org\ow2\asm\asm\6.0\asm-6.0.jar;C:\Users\Roolli\.m2\repository\org\wildfly\swarm\jaxrs\2018.3.3\jaxrs-2018.3.3.jar;C:\Users\Roolli\.m2\repository\org\wildfly\swarm\jaxrs-cdi\2018.3.3\jaxrs-cdi-2018.3.3.jar;C:\Users\Roolli\.m2\repository\org\jboss\spec\javax\ws\rs\jboss-jaxrs-api_2.0_spec\1.0.0.Final\jboss-jaxrs-api_2.0_spec-1.0.0.Final.jar;C:\Users\Roolli\.m2\repository\com\fasterxml\jackson\core\jackson-core\2.8.9\jackson-core-2.8.9.jar;C:\Users\Roolli\.m2\repository\com\fasterxml\jackson\core\jackson-annotations\2.8.9\jackson-annotations-2.8.9.jar;C:\Users\Roolli\.m2\repository\com\fasterxml\jackson\core\jackson-databind\2.8.9\jackson-databind-2.8.9.jar;C:\Users\Roolli\.m2\repository\com\fasterxml\jackson\jaxrs\jackson-jaxrs-json-provider\2.8.9\jackson-jaxrs-json-provider-2.8.9.jar;C:\Users\Roolli\.m2\repository\com\fast
Launcher Type: SUN_STANDARD

Environment Variables:
JAVA_HOME=C:\Program Files\Java\jdk1.8.0_131
USERNAME=Roolli
OS=Windows_NT
PROCESSOR_IDENTIFIER=Intel64 Family 6 Model 158 Stepping 10, GenuineIntel



---------------  S Y S T E M  ---------------

OS: Windows 10.0 , 64 bit Build 19041 (10.0.19041.928)

CPU:total 6 (initial active 6) (6 cores per cpu, 1 threads per core) family 6 model 158 stepping 10, cmov, cx8, fxsr, mmx, sse, sse2, sse3, ssse3, sse4.1, sse4.2, popcnt, avx, avx2, aes, clmul, erms, rtm, 3dnowpref, lzcnt, tsc, tscinvbit, bmi1, bmi2, adx

Memory: 4k page, physical 16731164k(322604k free), swap 29019164k(2752k free)

vm_info: Java HotSpot(TM) 64-Bit Server VM (25.131-b11) for windows-amd64 JRE (1.8.0_131-b11), built on Mar 15 2017 01:23:53 by "java_re" with MS VC++ 10.0 (VS2010)

time: Fri May 14 20:33:06 2021
elapsed time: 5 seconds (0d 0h 0m 5s)

